<?xml version="1.0" encoding="UTF-8"?>
<!-- Generated by org.testng.reporters.JUnitReportReporter -->
<testsuite skipped="0" hostname="LAPTOP-5FTUQUAP" name="com.sunil.tests.ixigoHome" tests="3" failures="0" timestamp="11 Mar 2021 08:50:48 GMT" time="26.687" errors="0">
  <testcase name="PageTitleTest" time="0.574" classname="com.sunil.tests.ixigoHome"/>
  <testcase name="SearchFlightandVerify" time="16.615" classname="com.sunil.tests.ixigoHome"/>
  <testcase name="PrintAirlineDetails" time="9.498" classname="com.sunil.tests.ixigoHome"/>
</testsuite> <!-- com.sunil.tests.ixigoHome -->
